1656407577028	geckodriver	INFO	Listening on 127.0.0.1:55444
1656407580065	mozrunner::runner	INFO	Running command: "C:\\Program Files\\Mozilla Firefox\\firefox.exe" "--marionette" "--remote-debugging-port" "55445" "--remote-allow-hosts" "localhost" "-no-remote" "-profile" "C:\\Users\\Long\\AppData\\Local\\Temp\\rust_mozprofileEMqM5f"
1656407580895	Marionette	INFO	Marionette enabled
WebDriver BiDi listening on ws://localhost:55445
console.warn: SearchSettings: "get: No settings file exists, new profile?" (new NotFoundError("Could not open the file at C:\\Users\\Long\\AppData\\Local\\Temp\\rust_mozprofileEMqM5f\\search.json.mozlz4", (void 0)))
1656407583850	Marionette	INFO	Listening on port 55468
DevTools listening on ws://localhost:55445/devtools/browser/e80ee926-d0bf-4a1c-b225-65154b80e67c
Read port: 55468
1656407583914	RemoteAgent	WARN	TLS certificate errors will be ignored for this session
console.warn: LoginRecipes: "getRecipes: falling back to a synchronous message for:" "https://accounts.google.com"
console.warn: LoginRecipes: "getRecipes: falling back to a synchronous message for:" "https://accounts.google.com"
JavaScript warning: https://accounts.google.com/ServiceLogin?service=youtube&uilel=3&passive=true&continue=https%3A%2F%2Fwww.youtube.com%2Fsignin%3Faction_handle_signin%3Dtrue%26app%3Ddesktop%26hl%3Dvi%26next%3Dhttps%253A%252F%252Fwww.youtube.com%252Fwatch%253Fv%253D1HjZK9zG17Y&hl=vi&ec=65620&flowName=GlifWebSignIn&flowEntry=ServiceLogin line 2 > eval line 4170 > eval line 1 > eval line 1 > eval, line 1: WEBGL_debug_renderer_info is deprecated in Firefox and will be removed. Please use RENDERER.
console.warn: LoginRecipes: "getRecipes: falling back to a synchronous message for:" "https://accounts.google.com"
JavaScript warning: https://accounts.google.com/ServiceLogin?service=youtube&uilel=3&passive=true&continue=https%3A%2F%2Fwww.youtube.com%2Fsignin%3Faction_handle_signin%3Dtrue%26app%3Ddesktop%26hl%3Dvi%26next%3Dhttps%253A%252F%252Fwww.youtube.com%252Fwatch%253Fv%253D1HjZK9zG17Y&hl=vi&ec=65620&flowName=GlifWebSignIn&flowEntry=ServiceLogin line 2 > eval line 6539 > eval line 1 > eval line 1 > eval, line 1: WEBGL_debug_renderer_info is deprecated in Firefox and will be removed. Please use RENDERER.
console.warn: LoginRecipes: "getRecipes: falling back to a synchronous message for:" "https://accounts.google.com"
console.warn: LoginRecipes: "getRecipes: falling back to a synchronous message for:" "https://accounts.google.com"
JavaScript warning: https://accounts.google.com/ServiceLogin?service=youtube&uilel=3&passive=true&continue=https%3A%2F%2Fwww.youtube.com%2Fsignin%3Faction_handle_signin%3Dtrue%26app%3Ddesktop%26hl%3Dvi%26next%3Dhttps%253A%252F%252Fwww.youtube.com%252Fwatch%253Fv%253D1HjZK9zG17Y&hl=vi&ec=65620&flowName=GlifWebSignIn&flowEntry=ServiceLogin line 2 > eval line 5573 > eval line 1 > eval line 1 > eval, line 1: WEBGL_debug_renderer_info is deprecated in Firefox and will be removed. Please use RENDERER.
[2022-06-28T09:15:56Z ERROR mp4parse] Found 2 nul bytes in "\u{0}\u{0}"
[2022-06-28T09:15:56Z ERROR mp4parse] Found 2 nul bytes in "\u{0}\u{0}"
[2022-06-28T09:15:56Z ERROR mp4parse] Found 2 nul bytes in "\u{0}\u{0}"
[2022-06-28T09:15:56Z ERROR mp4parse] Found 2 nul bytes in "\u{0}\u{0}"
SourceActor threw an exception: [Exception... "Failed to open input source 'chrome://browser/content/certerror/aboutNetErrorCodes.js'"  nsresult: "0x805303f4 (<unknown>)"  location: "JS frame :: resource://devtools/shared/DevToolsUtils.js :: mainThreadFetch/< :: line 699"  data: yes]
Stack: mainThreadFetch/<@resource://devtools/shared/DevToolsUtils.js:699:15
mainThreadFetch@resource://devtools/shared/DevToolsUtils.js:545:10
_fetchURLContents@resource://devtools/server/actors/utils/sources-manager.js:446:22
urlContents@resource://devtools/server/actors/utils/sources-manager.js:410:17
_resurrectSource@resource://devtools/server/actors/thread.js:2121:35
addAllSources@resource://devtools/server/actors/thread.js:1482:14
watch@resource://devtools/server/actors/resources/sources.js:62:17
watchResources@resource://devtools/server/actors/resources/index.js:288:19
_watchTargetResources@resource://devtools/server/actors/targets/target-actor-mixin.js:161:24
addSessionDataEntry@resource://devtools/server/actors/targets/target-actor-mixin.js:53:20
_addSessionDataEntry@resource://devtools/server/connectors/js-window-actor/DevToolsFrameChild.jsm:556:24
receiveMessage@resource://devtools/server/connectors/js-window-actor/DevToolsFrameChild.jsm:465:21
Line: 699, column: 0
console.error: ({})
JavaScript error: resource://devtools/shared/DevToolsUtils.js, line 699: Failed to open input source 'chrome://browser/content/certerror/aboutNetErrorCodes.js'
JavaScript error: resource://gre/modules/AsyncShutdown.jsm, line 575: NotFoundError: No such JSWindowActor 'DevToolsFrame'
JavaScript error: resource://gre/modules/AsyncShutdown.jsm, line 575: NotFoundError: No such JSWindowActor 'DevToolsFrame'
JavaScript error: resource://gre/modules/AsyncShutdown.jsm, line 575: NotFoundError: No such JSWindowActor 'DevToolsFrame'
JavaScript error: resource://gre/modules/AsyncShutdown.jsm, line 575: NotFoundError: No such JSWindowActor 'DevToolsFrame'
1656407785152	Marionette	INFO	Stopped listening on port 55468

###!!! [Parent][PBackgroundParent] Error: RunMessage(msgname=PBackgroundIDBDatabase::Msg_Close) Channel closing: too late to send/recv, messages will be lost

